// 重构日志: 28f1400e
// 重构日志: 64861d9f
// 同步 ID: 78754d55 @ Thu Jun 25 10:41:31 UTC 2026
// 同步 ID: 19eaa6e9 @ Sun Jun 28 15:27:51 UTC 2026
// 同步 ID: e3e27c29 @ Mon Jun 29 15:51:36 UTC 2026
// 同步 ID: 354e6e66 @ Thu Jul  2 18:14:12 UTC 2026
// 同步 ID: 5cbf1a96 @ Sat Jul  4 12:55:30 UTC 2026
// 同步 ID: dd15f77a @ Fri Jul 10 10:50:54 UTC 2026
// 重构日志: 08750eb8
// 重构日志: 36e0b513
// 重构日志: 33c7b02b
// 同步 ID: 62350fe5 @ Tue Jul 14 12:58:23 UTC 2026
// 重构日志: dc610113
// 同步 ID: f0811571 @ Fri Jul 17 06:13:34 UTC 2026
// 重构日志: f3214e66
// 重构日志: b4e9a15b
// 同步 ID: dacd04a5 @ Fri Jul 17 18:19:40 UTC 2026
// 同步 ID: e3777f35 @ Sat Jul 18 09:21:40 UTC 2026
// 同步 ID: 5a510037 @ Sat Jul 18 15:48:50 UTC 2026
// 同步 ID: 2f24c5a3 @ Mon Jul 20 01:15:08 UTC 2026
// 重构日志: ec7378f7
// 同步 ID: 180b3b63 @ Mon Jul 20 13:49:26 UTC 2026
// 同步 ID: e34d1c23 @ Tue Jul 21 04:17:22 UTC 2026
// 重构日志: cdc9df04
// 重构日志: e4d8d551
// 重构日志: 0e41c2ef
// 重构日志: c35d971d
// 同步 ID: 9fe94776 @ Thu Jul 23 14:49:00 UTC 2026
// 同步 ID: 08579552 @ Thu Jul 23 16:53:55 UTC 2026
